Build started 21.2.2015. 23:29:06.
     1>Project "E:\gothic2\GIIrevived\system\examples\empty_example\empty_example.vcxproj" on node 2 (build target(s)).
     1>PrepareForBuild:
         Creating directory "E:\gothic2\GIIrevived\system\examples\Debug\".
       InitializeBuildStatus:
         Creating "Debug\empty_example.unsuccessfulbuild" because "AlwaysCreate" was specified.
       ClCompile:
         C:\Program Files (x86)\Microsoft Visual Studio 10.0\VC\bin\CL.exe /c /I../.. /ZI /nologo /W3 /WX- /Od /Oy- /D WIN32 /D _DEBUG /D _WINDOWS /D _USRDLL /D EMPTY_EXAMPLE_EXPORTS /D _WINDLL /D _UNICODE /D UNICODE /Gm /EHsc /RTC1 /MDd /GS /fp:precise /Zc:wchar_t /Zc:forScope /Fo"Debug\\" /Fd"Debug\vc100.pdb" /Gd /TP /analyze- /errorReport:prompt dllmain.cpp
         dllmain.cpp
       ManifestResourceCompile:
         C:\Program Files (x86)\Microsoft SDKs\Windows\v7.0A\bin\rc.exe /nologo /fo"Debug\empty_example.dll.embed.manifest.res" Debug\empty_example_manifest.rc 
       Link:
         C:\Program Files (x86)\Microsoft Visual Studio 10.0\VC\bin\link.exe /ERRORREPORT:PROMPT /OUT:"E:\gothic2\GIIrevived\system\examples\Debug\empty_example.dll" /INCREMENTAL /NOLOGO kernel32.lib user32.lib gdi32.lib winspool.lib comdlg32.lib advapi32.lib shell32.lib ole32.lib oleaut32.lib uuid.lib odbc32.lib odbccp32.lib /DEF:"exports.def" /MANIFEST /ManifestFile:"Debug\empty_example.dll.intermediate.manifest" /MANIFESTUAC:"level='asInvoker' uiAccess='false'" /DEBUG /PDB:"E:\gothic2\GIIrevived\system\examples\Debug\empty_example.pdb" /SUBSYSTEM:WINDOWS /TLBID:1 /DYNAMICBASE /NXCOMPAT /IMPLIB:"E:\gothic2\GIIrevived\system\examples\Debug\empty_example.lib" /MACHINE:X86 /DLL Debug\empty_example.dll.embed.manifest.res
         Debug\dllmain.obj
            Creating library E:\gothic2\GIIrevived\system\examples\Debug\empty_example.lib and object E:\gothic2\GIIrevived\system\examples\Debug\empty_example.exp
       Manifest:
         C:\Program Files (x86)\Microsoft SDKs\Windows\v7.0A\bin\mt.exe /nologo /verbose /out:"Debug\empty_example.dll.embed.manifest" /manifest Debug\empty_example.dll.intermediate.manifest
         C:\Program Files (x86)\Microsoft SDKs\Windows\v7.0A\bin\rc.exe /nologo /fo"Debug\empty_example.dll.embed.manifest.res" Debug\empty_example_manifest.rc 
       LinkEmbedManifest:
         C:\Program Files (x86)\Microsoft Visual Studio 10.0\VC\bin\link.exe /ERRORREPORT:PROMPT /OUT:"E:\gothic2\GIIrevived\system\examples\Debug\empty_example.dll" /INCREMENTAL /NOLOGO kernel32.lib user32.lib gdi32.lib winspool.lib comdlg32.lib advapi32.lib shell32.lib ole32.lib oleaut32.lib uuid.lib odbc32.lib odbccp32.lib /DEF:"exports.def" /MANIFEST /ManifestFile:"Debug\empty_example.dll.intermediate.manifest" /MANIFESTUAC:"level='asInvoker' uiAccess='false'" /DEBUG /PDB:"E:\gothic2\GIIrevived\system\examples\Debug\empty_example.pdb" /SUBSYSTEM:WINDOWS /TLBID:1 /DYNAMICBASE /NXCOMPAT /IMPLIB:"E:\gothic2\GIIrevived\system\examples\Debug\empty_example.lib" /MACHINE:X86 /DLL Debug\empty_example.dll.embed.manifest.res
         Debug\dllmain.obj
            Creating library E:\gothic2\GIIrevived\system\examples\Debug\empty_example.lib and object E:\gothic2\GIIrevived\system\examples\Debug\empty_example.exp
         empty_example.vcxproj -> E:\gothic2\GIIrevived\system\examples\Debug\empty_example.dll
       FinalizeBuildStatus:
         Deleting file "Debug\empty_example.unsuccessfulbuild".
         Touching "Debug\empty_example.lastbuildstate".
     1>Done Building Project "E:\gothic2\GIIrevived\system\examples\empty_example\empty_example.vcxproj" (build target(s)).

Build succeeded.

Time Elapsed 00:00:01.12
